Traceback (most recent call last):
  File "to_cpu.py", line 16, in <module>
    t = torch.load(join(args.path,f), map_location='cpu')
  File "/home/jc3464/anaconda3/envs/smoothquant/lib/python3.8/site-packages/torch/serialization.py", line 713, in load
    return _legacy_load(opened_file, map_location, pickle_module, **pickle_load_args)
  File "/home/jc3464/anaconda3/envs/smoothquant/lib/python3.8/site-packages/torch/serialization.py", line 920, in _legacy_load
    magic_number = pickle_module.load(f, **pickle_load_args)
_pickle.UnpicklingError: invalid load key, '{'.
Traceback (most recent call last):
  File "to_cpu.py", line 16, in <module>
    t = torch.load(join(args.path,f), map_location='cpu')
  File "/home/jc3464/anaconda3/envs/smoothquant/lib/python3.8/site-packages/torch/serialization.py", line 713, in load
    return _legacy_load(opened_file, map_location, pickle_module, **pickle_load_args)
  File "/home/jc3464/anaconda3/envs/smoothquant/lib/python3.8/site-packages/torch/serialization.py", line 920, in _legacy_load
    magic_number = pickle_module.load(f, **pickle_load_args)
_pickle.UnpicklingError: invalid load key, '{'.
Traceback (most recent call last):
  File "to_cpu.py", line 16, in <module>
    t = torch.load(join(args.path,f), map_location='cpu')
  File "/home/jc3464/anaconda3/envs/smoothquant/lib/python3.8/site-packages/torch/serialization.py", line 713, in load
    return _legacy_load(opened_file, map_location, pickle_module, **pickle_load_args)
  File "/home/jc3464/anaconda3/envs/smoothquant/lib/python3.8/site-packages/torch/serialization.py", line 920, in _legacy_load
    magic_number = pickle_module.load(f, **pickle_load_args)
_pickle.UnpicklingError: invalid load key, '{'.
